Netgen 1.5.263 compiled on Thu Nov 23 13:43:20 JST 2023
Warning: netgen command 'format' use fully-qualified name '::netgen::format'
Warning: netgen command 'global' use fully-qualified name '::netgen::global'
Reading netlist file saradc.lvs.spice
Call to undefined subcircuit nfet_06v0
Creating placeholder cell definition.
Call to undefined subcircuit pfet_06v0
Creating placeholder cell definition.
Call to undefined subcircuit cap_mim_2f0fF
Creating placeholder cell definition.
Reading netlist file saradc.spice
-1
    while executing
"netgen::readnet $file2"
    (procedure "lvs" line 75)
    invoked from within
"lvs {saradc.lvs.spice saradc} {saradc.spice saradc} /tmp/caravel_tutorial/pdk/gf180mcuD/libs.tech/netgen/gf180mcuD/_setup.tcl"
    ("eval" body line 1)
    invoked from within
"eval $argv"
