
Magic 8.3 revision 449 - Compiled on Wed Nov 22 11:27:19 JST 2023.
Starting magic under Tcl interpreter
Using the terminal as the console.
Using NULL graphics device.
Processing system .magicrc file
Sourcing design .magicrc for technology gf180mcuD ...
10 Magic internal units = 1 Lambda
Input style import: scaleFactor=10, multiplier=2
The following types are not handled by extraction and will be treated as non-electrical types:
    obsactive mvobsactive filldiff fillpoly m1hole obsm1 fillm1 obsv1 m2hole obsm2 fillm2 obsv2 m3hole obsm3 fillm3 m4hole obsm4 fillm4 m5hole obsm5 fillm5 glass fillblock lvstext obscomment 
Scaled tech values by 10 / 1 to match internal grid scaling
Loading gf180mcuD Device Generator Menu ...
Loading "run_drc.tcl" from command line.
Warning: Calma reading is not undoable!  I hope that's OK.
Library written using GDS-II Release 6.0
Library name: LIB
Reading "cap_mim_2p0fF_8JNR63".
Reading "XM2_bs_inv".
Moving label "S" from metal1 to pdiffc in cell XM2_bs_inv.
Moving label "D" from metal1 to pdiffc in cell XM2_bs_inv.
Reading "XM1_bs_inv".
Reading "sw_cap_unit".
Reading "XM4_bs".
Moving label "D" from metal1 to pdiffc in cell XM4_bs.
Moving label "S" from metal1 to pdiffc in cell XM4_bs.
Reading "XM3_bs".
Moving label "D" from metal1 to pdiffc in cell XM3_bs.
Moving label "S" from metal1 to pdiffc in cell XM3_bs.
Reading "bs_inv".
Reading "XMs1_bs".
Reading "XMs2_bs".
Reading "XM2_bs".
Reading "XMs_bs".
Reading "XM1_bs".
Reading "sw_cap".
Reading "bootstrapped_sw".

DRC START
Loading DRC CIF style.
Cell bootstrapped_sw has 30 error tiles.
Total DRC errors found: 0
Error area #2:
Diffusion contact width < 0.23um (CO.1 + 2 * CO.6)
Diffusion contact width < 0.23um (CO.1 + 2 * CO.6)
DRC FINISH!!
