Netgen 1.5.263 compiled on Wed Nov 22 11:27:24 JST 2023
Warning: netgen command 'format' use fully-qualified name '::netgen::format'
Warning: netgen command 'global' use fully-qualified name '::netgen::global'
Reading netlist file bootstrapped_sw.lvs.spice
Call to undefined subcircuit nfet_03v3
Creating placeholder cell definition.
Call to undefined subcircuit pfet_03v3
Creating placeholder cell definition.
Call to undefined subcircuit cap_mim_2f0fF
Creating placeholder cell definition.
Reading netlist file CELL_NAME.spice
-1
    while executing
"netgen::readnet $file2"
    (procedure "lvs" line 75)
    invoked from within
"lvs {bootstrapped_sw.lvs.spice bootstrapped_sw} {CELL_NAME.spice bootstrapped_sw} /tmp/caravel_tutorial/pdk/gf180mcuD/libs.tech/netgen/gf180mcuD/_setu..."
    ("eval" body line 1)
    invoked from within
"eval $argv"
